<?xml version="1.0" encoding="UTF-8"?>
<!-- Generated by org.testng.reporters.JUnitReportReporter -->
<testsuite skipped="0" hostname="DESKTOP-T3MI2IP" name="tests.LaunchHomePage" tests="1" failures="0" timestamp="26 Nov 2018 14:50:30 GMT" time="200.093" errors="0">
  <testcase name="loginHomePage" time="200.093" classname="tests.LaunchHomePage"/>
</testsuite> <!-- tests.LaunchHomePage -->
