<?xml version="1.0" encoding="UTF-8"?>
<!-- Generated by org.testng.reporters.JUnitReportReporter -->
<testsuite skipped="0" hostname="DESKTOP-T3MI2IP" name="tests.LaunchHomePage" tests="1" failures="0" timestamp="02 Dec 2018 11:42:12 GMT" time="17.247" errors="0">
  <testcase name="loginHomePage" time="17.247" classname="tests.LaunchHomePage"/>
</testsuite> <!-- tests.LaunchHomePage -->
